d:\prj\me\deploy\catdog\trt_cpp\trt_cpp\x64\debug\vc140.pdb
d:\prj\me\deploy\catdog\trt_cpp\trt_cpp\x64\debug\vc140.idb
d:\prj\me\deploy\catdog\trt_cpp\trt_cpp\x64\debug\utils.obj
d:\prj\me\deploy\catdog\trt_cpp\trt_cpp\x64\debug\main.obj
d:\prj\me\deploy\catdog\trt_cpp\trt_cpp\x64\debug\trt_engine.obj
d:\prj\me\deploy\catdog\trt_cpp\x64\debug\trt_cpp.ilk
d:\prj\me\deploy\catdog\trt_cpp\x64\debug\trt_cpp.exe
d:\prj\me\deploy\catdog\trt_cpp\x64\debug\trt_cpp.pdb
d:\prj\me\deploy\catdog\trt_cpp\x64\debug\trt_cpp.lib
d:\prj\me\deploy\catdog\trt_cpp\x64\debug\trt_cpp.exp
d:\prj\me\deploy\catdog\trt_cpp\trt_cpp\x64\debug\kernel.cu.cache
d:\prj\me\deploy\catdog\trt_cpp\trt_cpp\x64\debug\kernel.cu.obj
d:\prj\me\deploy\catdog\trt_cpp\trt_cpp\x64\debug\trt_cpp.tlog\cl.command.1.tlog
d:\prj\me\deploy\catdog\trt_cpp\trt_cpp\x64\debug\trt_cpp.tlog\cl.read.1.tlog
d:\prj\me\deploy\catdog\trt_cpp\trt_cpp\x64\debug\trt_cpp.tlog\cl.write.1.tlog
d:\prj\me\deploy\catdog\trt_cpp\trt_cpp\x64\debug\trt_cpp.tlog\cudacompile.read.1u.tlog
d:\prj\me\deploy\catdog\trt_cpp\trt_cpp\x64\debug\trt_cpp.tlog\cudacompile.write.1u.tlog
d:\prj\me\deploy\catdog\trt_cpp\trt_cpp\x64\debug\trt_cpp.tlog\link.command.1.tlog
d:\prj\me\deploy\catdog\trt_cpp\trt_cpp\x64\debug\trt_cpp.tlog\link.read.1.tlog
d:\prj\me\deploy\catdog\trt_cpp\trt_cpp\x64\debug\trt_cpp.tlog\link.write.1.tlog
d:\prj\me\deploy\catdog\trt_cpp\trt_cpp\x64\debug\trt_cpp.tlog\trt_cpp.write.1u.tlog
